<?xml version="1.0" encoding="UTF-8"?>
<testng-results skipped="0" failed="0" total="1" passed="1">
  <reporter-output>
  </reporter-output>
  <suite name="Default suite" duration-ms="5607" started-at="2020-06-03T12:24:37Z" finished-at="2020-06-03T12:24:42Z">
    <groups>
    </groups>
    <test name="Default test" duration-ms="5607" started-at="2020-06-03T12:24:37Z" finished-at="2020-06-03T12:24:42Z">
      <class name="TestPackage.WindowsTestPage">
        <test-method status="PASS" signature="windows()[pri:0, instance:TestPackage.WindowsTestPage@485966cc]" name="windows" duration-ms="5536" started-at="2020-06-03T17:54:37Z" finished-at="2020-06-03T17:54:42Z">
          <reporter-output>
          </reporter-output>
        </test-method> <!-- windows -->
      </class> <!-- TestPackage.WindowsTestPage -->
    </test> <!-- Default test -->
  </suite> <!-- Default suite -->
</testng-results>
